\BOOKMARK [1][-]{cover.1}{\376\377\134\001\000\040\227\142}{}% 1
\BOOKMARK [1][-]{title.1}{\376\377\150\007\000\040\230\230}{}% 2
\BOOKMARK [1][-]{contents.1}{\376\377\166\356\000\040\137\125}{}% 3
\BOOKMARK [1][-]{section.1}{\376\377\0001\000\040\127\050\176\277\117\177\165\050}{}% 4
\BOOKMARK [1][-]{section.2}{\376\377\0002\000\040\225\356\230\230\221\315\217\360}{}% 5
\BOOKMARK [1][-]{section.3}{\376\377\0003\000\040\225\356\230\230\122\006\147\220}{}% 6
\BOOKMARK [2][-]{subsection.3.1}{\376\377\0003\000.\0001\000\040\225\356\230\230\0001\166\204\122\006\147\220}{section.3}% 7
\BOOKMARK [2][-]{subsection.3.2}{\376\377\0003\000.\0002\000\040\225\356\230\230\0002\166\204\122\006\147\220}{section.3}% 8
\BOOKMARK [1][-]{section.4}{\376\377\0004\000\040\152\041\127\213\120\107\213\276}{}% 9
\BOOKMARK [1][-]{section.5}{\376\377\0005\000\040\133\232\116\111\116\016\173\046\123\367\213\364\146\016}{}% 10
\BOOKMARK [1][-]{section.6}{\376\377\0006\000\040\173\046\123\367\213\364\146\016}{}% 11
\BOOKMARK [1][-]{section.7}{\376\377\0007\000\040\152\041\127\213\166\204\136\372\172\313}{}% 12
\BOOKMARK [2][-]{subsection.7.1}{\376\377\0007\000.\0001\000\040\225\356\230\230\116\000\122\006\147\220}{section.7}% 13
\BOOKMARK [2][-]{subsection.7.2}{\376\377\0007\000.\0002\000\040\173\227\154\325\171\072\117\213}{section.7}% 14
\BOOKMARK [1][-]{section.8}{\376\377\0008\000\040\210\150\150\074\124\214\126\376\137\142}{}% 15
\BOOKMARK [2][-]{subsection.8.1}{\376\377\0008\000.\0001\000\040\210\150\150\074}{section.8}% 16
\BOOKMARK [2][-]{subsection.8.2}{\376\377\0008\000.\0002\000\040\126\376\137\142}{section.8}% 17
\BOOKMARK [2][-]{subsection.8.3}{\376\377\0008\000.\0003\000\040\225\356\230\230\116\011\122\006\147\220}{section.8}% 18
\BOOKMARK [1][-]{section.9}{\376\377\0009\000\040\152\041\127\213\213\304\116\367}{}% 19
\BOOKMARK [1][-]{section*.11}{\376\377\123\302\200\003\145\207\163\056}{}% 20
\BOOKMARK [1][-]{appendix.1.A}{\376\377\226\104\137\125\000\040\000A\000\040\000M\000A\000T\000L\000A\000B\000\040\156\220\172\013\136\217}{}% 21
\BOOKMARK [2][-]{subsection.1.A.1}{\376\377\000A\000.\0001\000\040\173\054\0001\225\356\172\013\136\217}{appendix.1.A}% 22
\BOOKMARK [1][-]{appendix.1.B}{\376\377\226\104\137\125\000\040\000B\000\040\000P\000y\000t\000h\000o\000n\000\040\156\220\172\013\136\217}{}% 23
\BOOKMARK [2][-]{subsection.1.B.1}{\376\377\000B\000.\0001\000\040\173\054\0002\225\356\172\013\136\217}{appendix.1.B}% 24
