\BOOKMARK [1][-]{cover.1}{\376\377\134\001\000\040\227\142}{}% 1
\BOOKMARK [1][-]{title.1}{\376\377\150\007\000\040\230\230}{}% 2
\BOOKMARK [1][-]{section.1}{\376\377\0001\000\040\225\356\230\230\221\315\217\360}{}% 3
\BOOKMARK [2][-]{subsection.1.1}{\376\377\0001\000.\0001\000\040\225\356\230\230\200\314\146\157}{section.1}% 4
\BOOKMARK [2][-]{subsection.1.2}{\376\377\0001\000.\0002\000\040\225\356\230\230\143\317\217\360}{section.1}% 5
\BOOKMARK [1][-]{section.2}{\376\377\0002\000\040\152\041\127\213\120\107\213\276\116\016\173\046\123\367\213\364\146\016}{}% 6
\BOOKMARK [2][-]{subsection.2.1}{\376\377\0002\000.\0001\000\040\152\041\127\213\120\107\213\276}{section.2}% 7
\BOOKMARK [2][-]{subsection.2.2}{\376\377\0002\000.\0002\000\040\173\046\123\367\213\364\146\016}{section.2}% 8
\BOOKMARK [1][-]{section.3}{\376\377\0003\000\040\225\356\230\230\122\006\147\220}{}% 9
\BOOKMARK [2][-]{subsection.3.1}{\376\377\0003\000.\0001\000\040\225\356\230\230\0001\166\204\122\006\147\220}{section.3}% 10
\BOOKMARK [2][-]{subsection.3.2}{\376\377\0003\000.\0002\000\040\225\356\230\230\0002\166\204\122\006\147\220}{section.3}% 11
\BOOKMARK [1][-]{section.4}{\376\377\0004\000\040\127\372\147\054\123\237\164\006}{}% 12
\BOOKMARK [2][-]{subsection.4.1}{\376\377\0004\000.\0001\000\040\143\245\121\145\147\072\122\066}{section.4}% 13
\BOOKMARK [2][-]{subsection.4.2}{\376\377\0004\000.\0002\000\040\200\132\124\010}{section.4}% 14
\BOOKMARK [2][-]{subsection.4.3}{\376\377\0004\000.\0003\000\040\117\040\217\223\145\271\137\017}{section.4}% 15
\BOOKMARK [2][-]{subsection.4.4}{\376\377\0004\000.\0004\000\040\201\352\220\002\136\224\214\003\122\066\177\026\170\001\173\227\154\325}{section.4}% 16
\BOOKMARK [1][-]{section.5}{\376\377\0005\000\040\225\356\230\230\116\000\166\204\122\006\147\220\116\016\154\102\211\343}{}% 17
\BOOKMARK [2][-]{subsection.5.1}{\376\377\0005\000.\0001\000\040\225\356\230\230\122\006\147\220}{section.5}% 18
\BOOKMARK [3][-]{subsubsection.5.1.1}{\376\377\0005\000.\0001\000.\0001\000\040\225\356\230\230\122\006\147\220}{subsection.5.1}% 19
\BOOKMARK [3][-]{subsubsection.5.1.2}{\376\377\0005\000.\0001\000.\0002\000\040\154\102\211\343\140\035\215\357}{subsection.5.1}% 20
\BOOKMARK [2][-]{subsection.5.2}{\376\377\0005\000.\0002\000\040\133\120\225\356\230\230\116\000\377\032\124\004\123\302\145\160\137\161\124\315\137\072\137\061\122\006\147\220}{section.5}% 21
\BOOKMARK [3][-]{subsubsection.5.2.1}{\376\377\0005\000.\0002\000.\0001\000\040\145\160\143\156\230\204\131\004\164\006}{subsection.5.2}% 22
\BOOKMARK [3][-]{subsubsection.5.2.2}{\376\377\0005\000.\0002\000.\0002\000\040\152\041\127\213\147\204\136\372}{subsection.5.2}% 23
\BOOKMARK [2][-]{subsection.5.3}{\376\377\0005\000.\0003\000\040\133\120\225\356\230\230\116\214\377\032\145\160\143\156\136\047\123\321\220\001\140\073\145\366\225\177\230\204\155\113}{section.5}% 24
\BOOKMARK [3][-]{subsubsection.5.3.1}{\376\377\0005\000.\0003\000.\0001\000\040\152\041\127\213\213\255\176\303}{subsection.5.3}% 25
\BOOKMARK [3][-]{subsubsection.5.3.2}{\376\377\0005\000.\0003\000.\0002\000\040\152\041\127\213\133\371\153\324}{subsection.5.3}% 26
\BOOKMARK [1][-]{section.6}{\376\377\0006\000\040\225\356\230\230\116\214\166\204\122\006\147\220\116\016\154\102\211\343}{}% 27
\BOOKMARK [2][-]{subsection.6.1}{\376\377\0006\000.\0001\000\040\225\356\230\230\122\006\147\220}{section.6}% 28
\BOOKMARK [3][-]{subsubsection.6.1.1}{\376\377\0006\000.\0001\000.\0001\000\040\225\356\230\230\173\200\217\360}{subsection.6.1}% 29
\BOOKMARK [3][-]{subsubsection.6.1.2}{\376\377\0006\000.\0001\000.\0002\000\040\154\102\211\343\140\035\215\357}{subsection.6.1}% 30
\BOOKMARK [3][-]{subsubsection.6.1.3}{\376\377\0006\000.\0001\000.\0003\000\040\147\072\122\066\122\006\147\220}{subsection.6.1}% 31
\BOOKMARK [2][-]{subsection.6.2}{\376\377\0006\000.\0002\000\040\225\356\230\230\154\102\211\343}{section.6}% 32
\BOOKMARK [3][-]{subsubsection.6.2.1}{\376\377\0006\000.\0002\000.\0001\000\040\145\160\143\156\131\004\164\006}{subsection.6.2}% 33
\BOOKMARK [3][-]{subsubsection.6.2.2}{\376\377\0006\000.\0002\000.\0002\000\040\152\041\127\213\147\204\136\372}{subsection.6.2}% 34
\BOOKMARK [3][-]{subsubsection.6.2.3}{\376\377\0006\000.\0002\000.\0003\000\040\176\323\147\234\122\006\147\220}{subsection.6.2}% 35
\BOOKMARK [1][-]{section.7}{\376\377\0007\000\040\225\356\230\230\116\011\166\204\122\006\147\220\116\016\154\102\211\343}{}% 36
\BOOKMARK [2][-]{subsection.7.1}{\376\377\0007\000.\0001\000\040\225\356\230\230\122\006\147\220}{section.7}% 37
\BOOKMARK [3][-]{subsubsection.7.1.1}{\376\377\0007\000.\0001\000.\0001\000\040\225\356\230\230\173\200\217\360}{subsection.7.1}% 38
\BOOKMARK [3][-]{subsubsection.7.1.2}{\376\377\0007\000.\0001\000.\0002\000\040\154\102\211\343\140\035\215\357}{subsection.7.1}% 39
\BOOKMARK [2][-]{subsection.7.2}{\376\377\0007\000.\0002\000\040\225\356\230\230\154\102\211\343}{section.7}% 40
\BOOKMARK [3][-]{subsubsection.7.2.1}{\376\377\0007\000.\0002\000.\0001\000\040\145\160\143\156\230\204\131\004\164\006}{subsection.7.2}% 41
\BOOKMARK [3][-]{subsubsection.7.2.2}{\376\377\0007\000.\0002\000.\0002\000\040\152\041\127\213\147\204\136\372}{subsection.7.2}% 42
\BOOKMARK [3][-]{subsubsection.7.2.3}{\376\377\0007\000.\0002\000.\0003\000\040\176\323\147\234\122\006\147\220}{subsection.7.2}% 43
\BOOKMARK [1][-]{section.8}{\376\377\0008\000\040\210\150\150\074\124\214\126\376\137\142}{}% 44
\BOOKMARK [2][-]{subsection.8.1}{\376\377\0008\000.\0001\000\040\210\150\150\074}{section.8}% 45
\BOOKMARK [2][-]{subsection.8.2}{\376\377\0008\000.\0002\000\040\126\376\137\142}{section.8}% 46
\BOOKMARK [2][-]{subsection.8.3}{\376\377\0008\000.\0003\000\040\225\356\230\230\116\011\122\006\147\220}{section.8}% 47
\BOOKMARK [1][-]{section.9}{\376\377\0009\000\040\152\041\127\213\213\304\116\367}{}% 48
\BOOKMARK [1][-]{section*.15}{\376\377\123\302\200\003\145\207\163\056}{}% 49
\BOOKMARK [1][-]{appendix.1.A}{\376\377\226\104\137\125\000\040\000A\000\040\000M\000A\000T\000L\000A\000B\000\040\156\220\172\013\136\217}{}% 50
\BOOKMARK [2][-]{subsection.1.A.1}{\376\377\000A\000.\0001\000\040\173\054\0001\225\356\172\013\136\217}{appendix.1.A}% 51
\BOOKMARK [1][-]{appendix.1.B}{\376\377\226\104\137\125\000\040\000B\000\040\000P\000y\000t\000h\000o\000n\000\040\156\220\172\013\136\217}{}% 52
\BOOKMARK [2][-]{subsection.1.B.1}{\376\377\000B\000.\0001\000\040\173\054\0002\225\356\172\013\136\217}{appendix.1.B}% 53
